#
# There is insufficient memory for the Java Runtime Environment to continue.
# Native memory allocation (malloc) failed to allocate 1610768 bytes for Chunk::new
# Possible reasons:
#   The system is out of physical RAM or swap space
#   The process is running with CompressedOops enabled, and the Java Heap may be blocking the growth of the native heap
# Possible solutions:
#   Reduce memory load on the system
#   Increase physical memory or swap space
#   Check if swap backing store is full
#   Decrease Java heap size (-Xmx/-Xms)
#   Decrease number of Java threads
#   Decrease Java thread stack sizes (-Xss)
#   Set larger code cache with -XX:ReservedCodeCacheSize=
#   JVM is running with Unscaled Compressed Oops mode in which the Java heap is
#     placed in the first 4GB address space. The Java Heap base address is the
#     maximum limit for the native heap growth. Please use -XX:HeapBaseMinAddress
#     to set the Java Heap base and to place the Java Heap above 4GB virtual address.
# This output file may be truncated or incomplete.
#
#  Out of Memory Error (arena.cpp:195), pid=4004, tid=16936
#
# JRE version: Java(TM) SE Runtime Environment (16.0.2+7) (build 16.0.2+7-67)
# Java VM: Java HotSpot(TM) 64-Bit Server VM (16.0.2+7-67, mixed mode, sharing, tiered, compressed oops, compressed class ptrs, g1 gc, windows-amd64)
# No core dump will be written. Minidumps are not enabled by default on client versions of Windows
#

---------------  S U M M A R Y ------------

Command Line: org.jetbrains.kotlin.cli.jvm.K2JVMCompiler @E:\Project_A2B\A2B\node_modules\react-native-screens\android\build\20231011_196838861105522971.compiler.options

Host: Intel(R) Core(TM) i3-6100 CPU @ 3.70GHz, 4 cores, 7G,  Windows 10 , 64 bit Build 19041 (10.0.19041.3155)
Time: Wed Oct 11 11:28:36 2023 SE Asia Standard Time elapsed time: 175.344577 seconds (0d 0h 2m 55s)

---------------  T H R E A D  ---------------

Current thread (0x000002712498eca0):  JavaThread "C2 CompilerThread1" daemon [_thread_in_native, id=16936, stack(0x000000a8b7100000,0x000000a8b7200000)]


Current CompileTask:
C2: 175344 21036       4       org.jetbrains.kotlin.backend.jvm.mapping.MethodSignatureMapper::mapSignature (557 bytes)

Stack: [0x000000a8b7100000,0x000000a8b7200000]
Native frames: (J=compiled Java code, j=interpreted, Vv=VM code, C=native code)
V  [jvm.dll+0x6681ca]
V  [jvm.dll+0x7c9e69]
V  [jvm.dll+0x7cb61e]
V  [jvm.dll+0x7cbc73]
V  [jvm.dll+0x242c55]
V  [jvm.dll+0xadeba]
V  [jvm.dll+0xae45c]
V  [jvm.dll+0x35a8d7]
V  [jvm.dll+0x324de1]
V  [jvm.dll+0x32428a]
V  [jvm.dll+0x215cec]
V  [jvm.dll+0x215100]
V  [jvm.dll+0x1a1beb]
V  [jvm.dll+0x225158]
V  [jvm.dll+0x22319c]
V  [jvm.dll+0x77fa62]
V  [jvm.dll+0x7795aa]
V  [jvm.dll+0x667066]
C  [ucrtbase.dll+0x21bb2]
C  [KERNEL32.DLL+0x17614]
C  [ntdll.dll+0x526b1]


---------------  P R O C E S S  ---------------

Threads class SMR info:
_java_thread_list=0x0000027129455740, length=13, elements={
0x00000271043cfad0, 0x0000027121b5f5e0, 0x0000027121b604a0, 0x0000027121b70380,
0x0000027121b72eb0, 0x0000027121b759c0, 0x0000027121b763c0, 0x0000027121b79100,
0x0000027121b7ac00, 0x0000027121beb0b0, 0x0000027122894ba0, 0x000002712289d3d0,
0x000002712498eca0
}

Java Threads: ( => current thread )
  0x00000271043cfad0 JavaThread "main" [_thread_in_Java, id=18064, stack(0x000000a8b7300000,0x000000a8b7400000)]
  0x0000027121b5f5e0 JavaThread "Reference Handler" daemon [_thread_blocked, id=12456, stack(0x000000a8b7a00000,0x000000a8b7b00000)]
  0x0000027121b604a0 JavaThread "Finalizer" daemon [_thread_blocked, id=3220, stack(0x000000a8b7b00000,0x000000a8b7c00000)]
  0x0000027121b70380 JavaThread "Signal Dispatcher" daemon [_thread_blocked, id=17020, stack(0x000000a8b7c00000,0x000000a8b7d00000)]
  0x0000027121b72eb0 JavaThread "Attach Listener" daemon [_thread_blocked, id=16164, stack(0x000000a8b7d00000,0x000000a8b7e00000)]
  0x0000027121b759c0 JavaThread "Service Thread" daemon [_thread_blocked, id=12872, stack(0x000000a8b7e00000,0x000000a8b7f00000)]
  0x0000027121b763c0 JavaThread "Monitor Deflation Thread" daemon [_thread_blocked, id=19608, stack(0x000000a8b7f00000,0x000000a8b8000000)]
  0x0000027121b79100 JavaThread "C2 CompilerThread0" daemon [_thread_in_native, id=7064, stack(0x000000a8b8000000,0x000000a8b8100000)]
  0x0000027121b7ac00 JavaThread "C1 CompilerThread0" daemon [_thread_blocked, id=3748, stack(0x000000a8b8100000,0x000000a8b8200000)]
  0x0000027121beb0b0 JavaThread "Sweeper thread" daemon [_thread_blocked, id=21484, stack(0x000000a8b8200000,0x000000a8b8300000)]
  0x0000027122894ba0 JavaThread "Notification Thread" daemon [_thread_blocked, id=8328, stack(0x000000a8b8300000,0x000000a8b8400000)]
  0x000002712289d3d0 JavaThread "Common-Cleaner" daemon [_thread_blocked, id=11336, stack(0x000000a8b8500000,0x000000a8b8600000)]
=>0x000002712498eca0 JavaThread "C2 CompilerThread1" daemon [_thread_in_native, id=16936, stack(0x000000a8b7100000,0x000000a8b7200000)]

Other Threads:
  0x0000027121b59b60 VMThread "VM Thread" [stack: 0x000000a8b7900000,0x000000a8b7a00000] [id=11908]
  0x00000271228990d0 WatcherThread [stack: 0x000000a8b8400000,0x000000a8b8500000] [id=8672]
  0x000002710440f030 GCTaskThread "GC Thread#0" [stack: 0x000000a8b7400000,0x000000a8b7500000] [id=15832]
  0x0000027122c37420 GCTaskThread "GC Thread#1" [stack: 0x000000a8b8600000,0x000000a8b8700000] [id=16300]
  0x0000027122c37730 GCTaskThread "GC Thread#2" [stack: 0x000000a8b8700000,0x000000a8b8800000] [id=18388]
  0x0000027122bdbff0 GCTaskThread "GC Thread#3" [stack: 0x000000a8b8800000,0x000000a8b8900000] [id=12788]
  0x000002710441feb0 ConcurrentGCThread "G1 Main Marker" [stack: 0x000000a8b7500000,0x000000a8b7600000] [id=21244]
  0x0000027104420920 ConcurrentGCThread "G1 Conc#0" [stack: 0x000000a8b7600000,0x000000a8b7700000] [id=13592]
  0x0000027104496ba0 ConcurrentGCThread "G1 Refine#0" [stack: 0x000000a8b7700000,0x000000a8b7800000] [id=20948]
  0x0000027123fad6a0 ConcurrentGCThread "G1 Refine#1" [stack: 0x000000a8b8a00000,0x000000a8b8b00000] [id=10672]
  0x0000027122a89040 ConcurrentGCThread "G1 Refine#2" [stack: 0x000000a8b8b00000,0x000000a8b8c00000] [id=7992]
  0x000002712743e7a0 ConcurrentGCThread "G1 Refine#3" [stack: 0x000000a8b7000000,0x000000a8b7100000] [id=6716]
  0x0000027104497620 ConcurrentGCThread "G1 Service" [stack: 0x000000a8b7800000,0x000000a8b7900000] [id=10180]

Threads with active compile tasks:
C2 CompilerThread0   175398 21053       4       org.jetbrains.kotlin.renderer.DescriptorRendererImpl::renderType (51 bytes)
C2 CompilerThread1   175398 21036       4       org.jetbrains.kotlin.backend.jvm.mapping.MethodSignatureMapper::mapSignature (557 bytes)

VM state: not at safepoint (normal execution)

VM Mutex/Monitor currently owned by a thread: None

Heap address: 0x0000000080e00000, size: 2034 MB, Compressed Oops mode: 32-bit

CDS archive(s) mapped at: [0x0000000800000000-0x0000000800bb0000-0x0000000800bb0000), size 12255232, SharedBaseAddress: 0x0000000800000000, ArchiveRelocationMode: 0.
Compressed class space mapped at: 0x0000000800c00000-0x0000000840c00000, reserved size: 1073741824
Narrow klass base: 0x0000000800000000, Narrow klass shift: 3, Narrow klass range: 0x100000000

GC Precious Log:
 CPUs: 4 total, 4 available
 Memory: 8135M
 Large Page Support: Disabled
 NUMA Support: Disabled
 Compressed Oops: Enabled (32-bit)
 Heap Region Size: 1M
 Heap Min Capacity: 8M
 Heap Initial Capacity: 128M
 Heap Max Capacity: 2034M
 Pre-touch: Disabled
 Parallel Workers: 4
 Concurrent Workers: 1
 Concurrent Refinement Workers: 4
 Periodic GC: Disabled

Heap:
 garbage-first heap   total 206848K, used 133756K [0x0000000080e00000, 0x0000000100000000)
  region size 1024K, 24 young (24576K), 8 survivors (8192K)
 Metaspace       used 84835K, committed 85184K, reserved 1130496K
  class space    used 8808K, committed 8960K, reserved 1048576K

Heap Regions: E=young(eden), S=young(survivor), O=old, HS=humongous(starts), HC=humongous(continues), CS=collection set, F=free, OA=open archive, CA=closed archive, TAMS=top-at-mark-start (previous, next)
|   0|0x0000000080e00000, 0x0000000080f00000, 0x0000000080f00000|100%|HS|  |TAMS 0x0000000080f00000, 0x0000000080e00000| Complete 
|   1|0x0000000080f00000, 0x0000000081000000, 0x0000000081000000|100%|HC|  |TAMS 0x0000000081000000, 0x0000000080f00000| Complete 
|   2|0x0000000081000000, 0x0000000081100000, 0x0000000081100000|100%|HC|  |TAMS 0x0000000081100000, 0x0000000081000000| Complete 
|   3|0x0000000081100000, 0x0000000081200000, 0x0000000081200000|100%| O|  |TAMS 0x0000000081200000, 0x0000000081100000| Untracked 
|   4|0x0000000081200000, 0x0000000081300000, 0x0000000081300000|100%| O|  |TAMS 0x0000000081300000, 0x0000000081200000| Untracked 
|   5|0x0000000081300000, 0x0000000081400000, 0x0000000081400000|100%| O|  |TAMS 0x0000000081400000, 0x0000000081300000| Untracked 
|   6|0x0000000081400000, 0x0000000081500000, 0x0000000081500000|100%|HS|  |TAMS 0x0000000081500000, 0x0000000081400000| Complete 
|   7|0x0000000081500000, 0x0000000081600000, 0x0000000081600000|100%|HC|  |TAMS 0x0000000081600000, 0x0000000081500000| Complete 
|   8|0x0000000081600000, 0x0000000081700000, 0x0000000081700000|100%|HC|  |TAMS 0x0000000081700000, 0x0000000081600000| Complete 
|   9|0x0000000081700000, 0x0000000081800000, 0x0000000081800000|100%| O|  |TAMS 0x0000000081800000, 0x0000000081700000| Untracked 
|  10|0x0000000081800000, 0x0000000081900000, 0x0000000081900000|100%| O|  |TAMS 0x0000000081900000, 0x0000000081800000| Untracked 
|  11|0x0000000081900000, 0x0000000081a00000, 0x0000000081a00000|100%| O|  |TAMS 0x0000000081a00000, 0x0000000081900000| Untracked 
|  12|0x0000000081a00000, 0x0000000081b00000, 0x0000000081b00000|100%| O|  |TAMS 0x0000000081b00000, 0x0000000081a00000| Untracked 
|  13|0x0000000081b00000, 0x0000000081c00000, 0x0000000081c00000|100%| O|  |TAMS 0x0000000081c00000, 0x0000000081b00000| Untracked 
|  14|0x0000000081c00000, 0x0000000081d00000, 0x0000000081d00000|100%| O|  |TAMS 0x0000000081d00000, 0x0000000081c00000| Untracked 
|  15|0x0000000081d00000, 0x0000000081e00000, 0x0000000081e00000|100%| O|  |TAMS 0x0000000081e00000, 0x0000000081d00000| Untracked 
|  16|0x0000000081e00000, 0x0000000081f00000, 0x0000000081f00000|100%| O|  |TAMS 0x0000000081f00000, 0x0000000081e00000| Untracked 
|  17|0x0000000081f00000, 0x0000000082000000, 0x0000000082000000|100%| O|  |TAMS 0x0000000082000000, 0x0000000081f00000| Untracked 
|  18|0x0000000082000000, 0x0000000082100000, 0x0000000082100000|100%| O|  |TAMS 0x0000000082100000, 0x0000000082000000| Untracked 
|  19|0x0000000082100000, 0x0000000082200000, 0x0000000082200000|100%| O|  |TAMS 0x0000000082200000, 0x0000000082100000| Untracked 
|  20|0x0000000082200000, 0x0000000082300000, 0x0000000082300000|100%| O|  |TAMS 0x0000000082300000, 0x0000000082200000| Untracked 
|  21|0x0000000082300000, 0x0000000082400000, 0x0000000082400000|100%| O|  |TAMS 0x0000000082400000, 0x0000000082300000| Untracked 
|  22|0x0000000082400000, 0x0000000082500000, 0x0000000082500000|100%| O|  |TAMS 0x0000000082500000, 0x0000000082400000| Untracked 
|  23|0x0000000082500000, 0x0000000082600000, 0x0000000082600000|100%| O|  |TAMS 0x0000000082600000, 0x0000000082500000| Untracked 
|  24|0x0000000082600000, 0x0000000082700000, 0x0000000082700000|100%| O|  |TAMS 0x0000000082700000, 0x0000000082600000| Untracked 
|  25|0x0000000082700000, 0x0000000082800000, 0x0000000082800000|100%| O|  |TAMS 0x0000000082800000, 0x0000000082700000| Untracked 
|  26|0x0000000082800000, 0x0000000082900000, 0x0000000082900000|100%|HS|  |TAMS 0x0000000082900000, 0x0000000082800000| Complete 
|  27|0x0000000082900000, 0x0000000082a00000, 0x0000000082a00000|100%|HC|  |TAMS 0x0000000082a00000, 0x0000000082900000| Complete 
|  28|0x0000000082a00000, 0x0000000082b00000, 0x0000000082b00000|100%| O|  |TAMS 0x0000000082b00000, 0x0000000082a00000| Untracked 
|  29|0x0000000082b00000, 0x0000000082c00000, 0x0000000082c00000|100%| O|  |TAMS 0x0000000082c00000, 0x0000000082b00000| Untracked 
|  30|0x0000000082c00000, 0x0000000082d00000, 0x0000000082d00000|100%| O|  |TAMS 0x0000000082d00000, 0x0000000082c00000| Untracked 
|  31|0x0000000082d00000, 0x0000000082e00000, 0x0000000082e00000|100%| O|  |TAMS 0x0000000082e00000, 0x0000000082d00000| Untracked 
|  32|0x0000000082e00000, 0x0000000082f00000, 0x0000000082f00000|100%| O|  |TAMS 0x0000000082f00000, 0x0000000082e00000| Untracked 
|  33|0x0000000082f00000, 0x0000000083000000, 0x0000000083000000|100%| O|  |TAMS 0x0000000083000000, 0x0000000082f00000| Untracked 
|  34|0x0000000083000000, 0x0000000083100000, 0x0000000083100000|100%| O|  |TAMS 0x0000000083100000, 0x0000000083000000| Untracked 
|  35|0x0000000083100000, 0x0000000083200000, 0x0000000083200000|100%| O|  |TAMS 0x0000000083200000, 0x0000000083100000| Untracked 
|  36|0x0000000083200000, 0x0000000083300000, 0x0000000083300000|100%| O|  |TAMS 0x0000000083300000, 0x0000000083200000| Untracked 
|  37|0x0000000083300000, 0x0000000083300000, 0x0000000083400000|  0%| F|  |TAMS 0x0000000083300000, 0x0000000083300000| Untracked 
|  38|0x0000000083400000, 0x0000000083500000, 0x0000000083500000|100%| O|  |TAMS 0x0000000083500000, 0x0000000083400000| Untracked 
|  39|0x0000000083500000, 0x0000000083600000, 0x0000000083600000|100%| O|  |TAMS 0x0000000083600000, 0x0000000083500000| Untracked 
|  40|0x0000000083600000, 0x0000000083700000, 0x0000000083700000|100%| O|  |TAMS 0x0000000083700000, 0x0000000083600000| Untracked 
|  41|0x0000000083700000, 0x0000000083800000, 0x0000000083800000|100%| O|  |TAMS 0x0000000083800000, 0x0000000083700000| Untracked 
|  42|0x0000000083800000, 0x0000000083900000, 0x0000000083900000|100%| O|  |TAMS 0x0000000083900000, 0x0000000083800000| Untracked 
|  43|0x0000000083900000, 0x0000000083a00000, 0x0000000083a00000|100%| O|  |TAMS 0x0000000083a00000, 0x0000000083900000| Untracked 
|  44|0x0000000083a00000, 0x0000000083b00000, 0x0000000083b00000|100%| O|  |TAMS 0x0000000083b00000, 0x0000000083a00000| Untracked 
|  45|0x0000000083b00000, 0x0000000083b00000, 0x0000000083c00000|  0%| F|  |TAMS 0x0000000083b00000, 0x0000000083b00000| Untracked 
|  46|0x0000000083c00000, 0x0000000083d00000, 0x0000000083d00000|100%| O|  |TAMS 0x0000000083d00000, 0x0000000083c00000| Untracked 
|  47|0x0000000083d00000, 0x0000000083e00000, 0x0000000083e00000|100%| O|  |TAMS 0x0000000083e00000, 0x0000000083d00000| Untracked 
|  48|0x0000000083e00000, 0x0000000083f00000, 0x0000000083f00000|100%| O|  |TAMS 0x0000000083f00000, 0x0000000083e00000| Untracked 
|  49|0x0000000083f00000, 0x0000000084000000, 0x0000000084000000|100%| O|  |TAMS 0x0000000084000000, 0x0000000083f00000| Untracked 
|  50|0x0000000084000000, 0x0000000084100000, 0x0000000084100000|100%| O|  |TAMS 0x0000000084100000, 0x0000000084000000| Untracked 
|  51|0x0000000084100000, 0x0000000084200000, 0x0000000084200000|100%| O|  |TAMS 0x0000000084200000, 0x0000000084100000| Untracked 
|  52|0x0000000084200000, 0x0000000084300000, 0x0000000084300000|100%| O|  |TAMS 0x0000000084300000, 0x0000000084200000| Untracked 
|  53|0x0000000084300000, 0x0000000084400000, 0x0000000084400000|100%| O|  |TAMS 0x0000000084400000, 0x0000000084300000| Untracked 
|  54|0x0000000084400000, 0x0000000084500000, 0x0000000084500000|100%| O|  |TAMS 0x0000000084500000, 0x0000000084400000| Untracked 
|  55|0x0000000084500000, 0x0000000084600000, 0x0000000084600000|100%| O|  |TAMS 0x0000000084600000, 0x0000000084500000| Untracked 
|  56|0x0000000084600000, 0x0000000084700000, 0x0000000084700000|100%| O|  |TAMS 0x0000000084700000, 0x0000000084600000| Untracked 
|  57|0x0000000084700000, 0x0000000084800000, 0x0000000084800000|100%| O|  |TAMS 0x0000000084800000, 0x0000000084700000| Untracked 
|  58|0x0000000084800000, 0x0000000084800000, 0x0000000084900000|  0%| F|  |TAMS 0x0000000084800000, 0x0000000084800000| Untracked 
|  59|0x0000000084900000, 0x0000000084a00000, 0x0000000084a00000|100%| O|  |TAMS 0x0000000084a00000, 0x0000000084900000| Untracked 
|  60|0x0000000084a00000, 0x0000000084b00000, 0x0000000084b00000|100%| O|  |TAMS 0x0000000084b00000, 0x0000000084a00000| Untracked 
|  61|0x0000000084b00000, 0x0000000084c00000, 0x0000000084c00000|100%| O|  |TAMS 0x0000000084c00000, 0x0000000084b00000| Untracked 
|  62|0x0000000084c00000, 0x0000000084c00000, 0x0000000084d00000|  0%| F|  |TAMS 0x0000000084c00000, 0x0000000084c00000| Untracked 
|  63|0x0000000084d00000, 0x0000000084e00000, 0x0000000084e00000|100%| O|  |TAMS 0x0000000084e00000, 0x0000000084d00000| Untracked 
|  64|0x0000000084e00000, 0x0000000084f00000, 0x0000000084f00000|100%| O|  |TAMS 0x0000000084f00000, 0x0000000084e00000| Untracked 
|  65|0x0000000084f00000, 0x0000000085000000, 0x0000000085000000|100%| O|  |TAMS 0x0000000085000000, 0x0000000084f00000| Untracked 
|  66|0x0000000085000000, 0x0000000085100000, 0x0000000085100000|100%| O|  |TAMS 0x0000000085100000, 0x0000000085000000| Untracked 
|  67|0x0000000085100000, 0x0000000085100000, 0x0000000085200000|  0%| F|  |TAMS 0x0000000085100000, 0x0000000085100000| Untracked 
|  68|0x0000000085200000, 0x0000000085300000, 0x0000000085300000|100%| O|  |TAMS 0x0000000085300000, 0x0000000085200000| Untracked 
|  69|0x0000000085300000, 0x0000000085400000, 0x0000000085400000|100%| O|  |TAMS 0x0000000085400000, 0x0000000085300000| Untracked 
|  70|0x0000000085400000, 0x0000000085400000, 0x0000000085500000|  0%| F|  |TAMS 0x0000000085400000, 0x0000000085400000| Untracked 
|  71|0x0000000085500000, 0x0000000085600000, 0x0000000085600000|100%| O|  |TAMS 0x0000000085600000, 0x0000000085500000| Untracked 
|  72|0x0000000085600000, 0x0000000085700000, 0x0000000085700000|100%| O|  |TAMS 0x0000000085700000, 0x0000000085600000| Untracked 
|  73|0x0000000085700000, 0x0000000085700000, 0x0000000085800000|  0%| F|  |TAMS 0x0000000085700000, 0x0000000085700000| Untracked 
|  74|0x0000000085800000, 0x0000000085900000, 0x0000000085900000|100%| O|  |TAMS 0x0000000085900000, 0x0000000085800000| Untracked 
|  75|0x0000000085900000, 0x0000000085a00000, 0x0000000085a00000|100%| O|  |TAMS 0x0000000085a00000, 0x0000000085900000| Untracked 
|  76|0x0000000085a00000, 0x0000000085b00000, 0x0000000085b00000|100%| O|  |TAMS 0x0000000085b00000, 0x0000000085a00000| Untracked 
|  77|0x0000000085b00000, 0x0000000085b00000, 0x0000000085c00000|  0%| F|  |TAMS 0x0000000085b00000, 0x0000000085b00000| Untracked 
|  78|0x0000000085c00000, 0x0000000085c00000, 0x0000000085d00000|  0%| F|  |TAMS 0x0000000085c00000, 0x0000000085c00000| Untracked 
|  79|0x0000000085d00000, 0x0000000085e00000, 0x0000000085e00000|100%| O|  |TAMS 0x0000000085e00000, 0x0000000085d00000| Untracked 
|  80|0x0000000085e00000, 0x0000000085e00000, 0x0000000085f00000|  0%| F|  |TAMS 0x0000000085e00000, 0x0000000085e00000| Untracked 
|  81|0x0000000085f00000, 0x0000000085f00000, 0x0000000086000000|  0%| F|  |TAMS 0x0000000085f00000, 0x0000000085f00000| Untracked 
|  82|0x0000000086000000, 0x0000000086100000, 0x0000000086100000|100%| O|  |TAMS 0x0000000086100000, 0x0000000086000000| Untracked 
|  83|0x0000000086100000, 0x0000000086200000, 0x0000000086200000|100%| O|  |TAMS 0x0000000086200000, 0x0000000086100000| Untracked 
|  84|0x0000000086200000, 0x0000000086200000, 0x0000000086300000|  0%| F|  |TAMS 0x0000000086200000, 0x0000000086200000| Untracked 
|  85|0x0000000086300000, 0x0000000086300000, 0x0000000086400000|  0%| F|  |TAMS 0x0000000086300000, 0x0000000086300000| Untracked 
|  86|0x0000000086400000, 0x0000000086400000, 0x0000000086500000|  0%| F|  |TAMS 0x0000000086400000, 0x0000000086400000| Untracked 
|  87|0x0000000086500000, 0x0000000086500000, 0x0000000086600000|  0%| F|  |TAMS 0x0000000086500000, 0x0000000086500000| Untracked 
|  88|0x0000000086600000, 0x0000000086600000, 0x0000000086700000|  0%| F|  |TAMS 0x0000000086600000, 0x0000000086600000| Untracked 
|  89|0x0000000086700000, 0x0000000086800000, 0x0000000086800000|100%| O|  |TAMS 0x0000000086800000, 0x0000000086700000| Untracked 
|  90|0x0000000086800000, 0x0000000086900000, 0x0000000086900000|100%| O|  |TAMS 0x0000000086900000, 0x0000000086800000| Untracked 
|  91|0x0000000086900000, 0x0000000086a00000, 0x0000000086a00000|100%| O|  |TAMS 0x0000000086a00000, 0x0000000086900000| Untracked 
|  92|0x0000000086a00000, 0x0000000086b00000, 0x0000000086b00000|100%| O|  |TAMS 0x0000000086b00000, 0x0000000086a00000| Untracked 
|  93|0x0000000086b00000, 0x0000000086c00000, 0x0000000086c00000|100%| O|  |TAMS 0x0000000086c00000, 0x0000000086b00000| Untracked 
|  94|0x0000000086c00000, 0x0000000086d00000, 0x0000000086d00000|100%| O|  |TAMS 0x0000000086d00000, 0x0000000086c00000| Untracked 
|  95|0x0000000086d00000, 0x0000000086e00000, 0x0000000086e00000|100%| O|  |TAMS 0x0000000086e00000, 0x0000000086d00000| Untracked 
|  96|0x0000000086e00000, 0x0000000086f00000, 0x0000000086f00000|100%| O|  |TAMS 0x0000000086f00000, 0x0000000086e00000| Untracked 
|  97|0x0000000086f00000, 0x0000000087000000, 0x0000000087000000|100%| O|  |TAMS 0x0000000087000000, 0x0000000086f00000| Untracked 
|  98|0x0000000087000000, 0x0000000087100000, 0x0000000087100000|100%| O|  |TAMS 0x0000000087100000, 0x0000000087000000| Untracked 
|  99|0x0000000087100000, 0x0000000087200000, 0x0000000087200000|100%| O|  |TAMS 0x0000000087200000, 0x0000000087100000| Untracked 
| 100|0x0000000087200000, 0x0000000087200000, 0x0000000087300000|  0%| F|  |TAMS 0x0000000087200000, 0x0000000087200000| Untracked 
| 101|0x0000000087300000, 0x0000000087400000, 0x0000000087400000|100%| O|  |TAMS 0x0000000087400000, 0x0000000087300000| Untracked 
| 102|0x0000000087400000, 0x0000000087500000, 0x0000000087500000|100%| O|  |TAMS 0x0000000087500000, 0x0000000087400000| Untracked 
| 103|0x0000000087500000, 0x0000000087600000, 0x0000000087600000|100%| O|  |TAMS 0x0000000087600000, 0x0000000087500000| Untracked 
| 104|0x0000000087600000, 0x0000000087600000, 0x0000000087700000|  0%| F|  |TAMS 0x0000000087600000, 0x0000000087600000| Untracked 
| 105|0x0000000087700000, 0x0000000087700000, 0x0000000087800000|  0%| F|  |TAMS 0x0000000087700000, 0x0000000087700000| Untracked 
| 106|0x0000000087800000, 0x0000000087900000, 0x0000000087900000|100%| O|  |TAMS 0x0000000087900000, 0x0000000087800000| Untracked 
| 107|0x0000000087900000, 0x0000000087a00000, 0x0000000087a00000|100%| O|  |TAMS 0x0000000087a00000, 0x0000000087900000| Untracked 
| 108|0x0000000087a00000, 0x0000000087b00000, 0x0000000087b00000|100%| O|  |TAMS 0x0000000087b00000, 0x0000000087a00000| Untracked 
| 109|0x0000000087b00000, 0x0000000087c00000, 0x0000000087c00000|100%| O|  |TAMS 0x0000000087c00000, 0x0000000087b00000| Untracked 
| 110|0x0000000087c00000, 0x0000000087d00000, 0x0000000087d00000|100%| O|  |TAMS 0x0000000087d00000, 0x0000000087c00000| Untracked 
| 111|0x0000000087d00000, 0x0000000087d00000, 0x0000000087e00000|  0%| F|  |TAMS 0x0000000087d00000, 0x0000000087d00000| Untracked 
| 112|0x0000000087e00000, 0x0000000087f00000, 0x0000000087f00000|100%| O|  |TAMS 0x0000000087f00000, 0x0000000087e00000| Untracked 
| 113|0x0000000087f00000, 0x0000000088000000, 0x0000000088000000|100%| O|  |TAMS 0x0000000088000000, 0x0000000087f00000| Untracked 
| 114|0x0000000088000000, 0x0000000088100000, 0x0000000088100000|100%| O|  |TAMS 0x0000000088100000, 0x0000000088000000| Untracked 
| 115|0x0000000088100000, 0x0000000088200000, 0x0000000088200000|100%| O|  |TAMS 0x0000000088200000, 0x0000000088100000| Untracked 
| 116|0x0000000088200000, 0x0000000088300000, 0x0000000088300000|100%| O|  |TAMS 0x0000000088300000, 0x0000000088200000| Untracked 
| 117|0x0000000088300000, 0x0000000088400000, 0x0000000088400000|100%| O|  |TAMS 0x0000000088400000, 0x0000000088300000| Untracked 
| 118|0x0000000088400000, 0x0000000088500000, 0x0000000088500000|100%| O|  |TAMS 0x0000000088500000, 0x0000000088400000| Untracked 
| 119|0x0000000088500000, 0x0000000088600000, 0x0000000088600000|100%| O|  |TAMS 0x0000000088600000, 0x0000000088500000| Untracked 
| 120|0x0000000088600000, 0x0000000088700000, 0x0000000088700000|100%| O|  |TAMS 0x0000000088700000, 0x0000000088600000| Untracked 
| 121|0x0000000088700000, 0x0000000088800000, 0x0000000088800000|100%| O|  |TAMS 0x0000000088800000, 0x0000000088700000| Untracked 
| 122|0x0000000088800000, 0x0000000088900000, 0x0000000088900000|100%| O|  |TAMS 0x0000000088900000, 0x0000000088800000| Untracked 
| 123|0x0000000088900000, 0x0000000088a00000, 0x0000000088a00000|100%| O|  |TAMS 0x0000000088a00000, 0x0000000088900000| Untracked 
| 124|0x0000000088a00000, 0x0000000088b00000, 0x0000000088b00000|100%| O|  |TAMS 0x0000000088b00000, 0x0000000088a00000| Untracked 
| 125|0x0000000088b00000, 0x0000000088c00000, 0x0000000088c00000|100%| O|  |TAMS 0x0000000088c00000, 0x0000000088b00000| Untracked 
| 126|0x0000000088c00000, 0x0000000088d00000, 0x0000000088d00000|100%| O|  |TAMS 0x0000000088d00000, 0x0000000088c00000| Untracked 
| 127|0x0000000088d00000, 0x0000000088dcc000, 0x0000000088e00000| 79%| O|  |TAMS 0x0000000088dcc000, 0x0000000088d00000| Untracked 
| 128|0x0000000088e00000, 0x0000000088e00000, 0x0000000088f00000|  0%| F|  |TAMS 0x0000000088e00000, 0x0000000088e00000| Untracked 
| 129|0x0000000088f00000, 0x0000000088f00000, 0x0000000089000000|  0%| F|  |TAMS 0x0000000088f00000, 0x0000000088f00000| Untracked 
| 130|0x0000000089000000, 0x0000000089000000, 0x0000000089100000|  0%| F|  |TAMS 0x0000000089000000, 0x0000000089000000| Untracked 
| 131|0x0000000089100000, 0x00000000891d3158, 0x0000000089200000| 82%| S|CS|TAMS 0x0000000089100000, 0x0000000089100000| Complete 
| 132|0x0000000089200000, 0x0000000089300000, 0x0000000089300000|100%| S|CS|TAMS 0x0000000089200000, 0x0000000089200000| Complete 
| 133|0x0000000089300000, 0x0000000089400000, 0x0000000089400000|100%| S|CS|TAMS 0x0000000089300000, 0x0000000089300000| Complete 
| 134|0x0000000089400000, 0x0000000089500000, 0x0000000089500000|100%| S|CS|TAMS 0x0000000089400000, 0x0000000089400000| Complete 
| 135|0x0000000089500000, 0x0000000089500000, 0x0000000089600000|  0%| F|  |TAMS 0x0000000089500000, 0x0000000089500000| Untracked 
| 136|0x0000000089600000, 0x0000000089600000, 0x0000000089700000|  0%| F|  |TAMS 0x0000000089600000, 0x0000000089600000| Untracked 
| 137|0x0000000089700000, 0x0000000089700000, 0x0000000089800000|  0%| F|  |TAMS 0x0000000089700000, 0x0000000089700000| Untracked 
| 138|0x0000000089800000, 0x0000000089800000, 0x0000000089900000|  0%| F|  |TAMS 0x0000000089800000, 0x0000000089800000| Untracked 
| 139|0x0000000089900000, 0x0000000089900000, 0x0000000089a00000|  0%| F|  |TAMS 0x0000000089900000, 0x0000000089900000| Untracked 
| 140|0x0000000089a00000, 0x0000000089b00000, 0x0000000089b00000|100%| S|CS|TAMS 0x0000000089a00000, 0x0000000089a00000| Complete 
| 141|0x0000000089b00000, 0x0000000089c00000, 0x0000000089c00000|100%| S|CS|TAMS 0x0000000089b00000, 0x0000000089b00000| Complete 
| 142|0x0000000089c00000, 0x0000000089d00000, 0x0000000089d00000|100%| S|CS|TAMS 0x0000000089c00000, 0x0000000089c00000| Complete 
| 143|0x0000000089d00000, 0x0000000089e00000, 0x0000000089e00000|100%| S|CS|TAMS 0x0000000089d00000, 0x0000000089d00000| Complete 
| 144|0x0000000089e00000, 0x0000000089e00000, 0x0000000089f00000|  0%| F|  |TAMS 0x0000000089e00000, 0x0000000089e00000| Untracked 
| 145|0x0000000089f00000, 0x0000000089f00000, 0x000000008a000000|  0%| F|  |TAMS 0x0000000089f00000, 0x0000000089f00000| Untracked 
| 146|0x000000008a000000, 0x000000008a000000, 0x000000008a100000|  0%| F|  |TAMS 0x000000008a000000, 0x000000008a000000| Untracked 
| 147|0x000000008a100000, 0x000000008a100000, 0x000000008a200000|  0%| F|  |TAMS 0x000000008a100000, 0x000000008a100000| Untracked 
| 148|0x000000008a200000, 0x000000008a200000, 0x000000008a300000|  0%| F|  |TAMS 0x000000008a200000, 0x000000008a200000| Untracked 
| 149|0x000000008a300000, 0x000000008a300000, 0x000000008a400000|  0%| F|  |TAMS 0x000000008a300000, 0x000000008a300000| Untracked 
| 150|0x000000008a400000, 0x000000008a400000, 0x000000008a500000|  0%| F|  |TAMS 0x000000008a400000, 0x000000008a400000| Untracked 
| 151|0x000000008a500000, 0x000000008a500000, 0x000000008a600000|  0%| F|  |TAMS 0x000000008a500000, 0x000000008a500000| Untracked 
| 152|0x000000008a600000, 0x000000008a600000, 0x000000008a700000|  0%| F|  |TAMS 0x000000008a600000, 0x000000008a600000| Untracked 
| 153|0x000000008a700000, 0x000000008a700000, 0x000000008a800000|  0%| F|  |TAMS 0x000000008a700000, 0x000000008a700000| Untracked 
| 154|0x000000008a800000, 0x000000008a800000, 0x000000008a900000|  0%| F|  |TAMS 0x000000008a800000, 0x000000008a800000| Untracked 
| 155|0x000000008a900000, 0x000000008a900000, 0x000000008aa00000|  0%| F|  |TAMS 0x000000008a900000, 0x000000008a900000| Untracked 
| 156|0x000000008aa00000, 0x000000008aa00000, 0x000000008ab00000|  0%| F|  |TAMS 0x000000008aa00000, 0x000000008aa00000| Untracked 
| 157|0x000000008ab00000, 0x000000008ab00000, 0x000000008ac00000|  0%| F|  |TAMS 0x000000008ab00000, 0x000000008ab00000| Untracked 
| 158|0x000000008ac00000, 0x000000008ac00000, 0x000000008ad00000|  0%| F|  |TAMS 0x000000008ac00000, 0x000000008ac00000| Untracked 
| 159|0x000000008ad00000, 0x000000008ad00000, 0x000000008ae00000|  0%| F|  |TAMS 0x000000008ad00000, 0x000000008ad00000| Untracked 
| 160|0x000000008ae00000, 0x000000008ae00000, 0x000000008af00000|  0%| F|  |TAMS 0x000000008ae00000, 0x000000008ae00000| Untracked 
| 161|0x000000008af00000, 0x000000008af00000, 0x000000008b000000|  0%| F|  |TAMS 0x000000008af00000, 0x000000008af00000| Untracked 
| 162|0x000000008b000000, 0x000000008b000000, 0x000000008b100000|  0%| F|  |TAMS 0x000000008b000000, 0x000000008b000000| Untracked 
| 163|0x000000008b100000, 0x000000008b100000, 0x000000008b200000|  0%| F|  |TAMS 0x000000008b100000, 0x000000008b100000| Untracked 
| 164|0x000000008b200000, 0x000000008b200000, 0x000000008b300000|  0%| F|  |TAMS 0x000000008b200000, 0x000000008b200000| Untracked 
| 165|0x000000008b300000, 0x000000008b300000, 0x000000008b400000|  0%| F|  |TAMS 0x000000008b300000, 0x000000008b300000| Untracked 
| 166|0x000000008b400000, 0x000000008b400000, 0x000000008b500000|  0%| F|  |TAMS 0x000000008b400000, 0x000000008b400000| Untracked 
| 167|0x000000008b500000, 0x000000008b500000, 0x000000008b600000|  0%| F|  |TAMS 0x000000008b500000, 0x000000008b500000| Untracked 
| 168|0x000000008b600000, 0x000000008b600000, 0x000000008b700000|  0%| F|  |TAMS 0x000000008b600000, 0x000000008b600000| Untracked 
| 169|0x000000008b700000, 0x000000008b700000, 0x000000008b800000|  0%| F|  |TAMS 0x000000008b700000, 0x000000008b700000| Untracked 
| 170|0x000000008b800000, 0x000000008b800000, 0x000000008b900000|  0%| F|  |TAMS 0x000000008b800000, 0x000000008b800000| Untracked 
| 171|0x000000008b900000, 0x000000008b900000, 0x000000008ba00000|  0%| F|  |TAMS 0x000000008b900000, 0x000000008b900000| Untracked 
| 172|0x000000008ba00000, 0x000000008ba00000, 0x000000008bb00000|  0%| F|  |TAMS 0x000000008ba00000, 0x000000008ba00000| Untracked 
| 173|0x000000008bb00000, 0x000000008bb00000, 0x000000008bc00000|  0%| F|  |TAMS 0x000000008bb00000, 0x000000008bb00000| Untracked 
| 174|0x000000008bc00000, 0x000000008bc00000, 0x000000008bd00000|  0%| F|  |TAMS 0x000000008bc00000, 0x000000008bc00000| Untracked 
| 175|0x000000008bd00000, 0x000000008bd00000, 0x000000008be00000|  0%| F|  |TAMS 0x000000008bd00000, 0x000000008bd00000| Untracked 
| 176|0x000000008be00000, 0x000000008be00000, 0x000000008bf00000|  0%| F|  |TAMS 0x000000008be00000, 0x000000008be00000| Untracked 
| 177|0x000000008bf00000, 0x000000008bf00000, 0x000000008c000000|  0%| F|  |TAMS 0x000000008bf00000, 0x000000008bf00000| Untracked 
| 178|0x000000008c000000, 0x000000008c000000, 0x000000008c100000|  0%| F|  |TAMS 0x000000008c000000, 0x000000008c000000| Untracked 
| 179|0x000000008c100000, 0x000000008c100000, 0x000000008c200000|  0%| F|  |TAMS 0x000000008c100000, 0x000000008c100000| Untracked 
| 180|0x000000008c200000, 0x000000008c200000, 0x000000008c300000|  0%| F|  |TAMS 0x000000008c200000, 0x000000008c200000| Untracked 
| 181|0x000000008c300000, 0x000000008c300000, 0x000000008c400000|  0%| F|  |TAMS 0x000000008c300000, 0x000000008c300000| Untracked 
| 182|0x000000008c400000, 0x000000008c400000, 0x000000008c500000|  0%| F|  |TAMS 0x000000008c400000, 0x000000008c400000| Untracked 
| 183|0x000000008c500000, 0x000000008c500000, 0x000000008c600000|  0%| F|  |TAMS 0x000000008c500000, 0x000000008c500000| Untracked 
| 184|0x000000008c600000, 0x000000008c600000, 0x000000008c700000|  0%| F|  |TAMS 0x000000008c600000, 0x000000008c600000| Untracked 
| 185|0x000000008c700000, 0x000000008c700000, 0x000000008c800000|  0%| F|  |TAMS 0x000000008c700000, 0x000000008c700000| Untracked 
| 186|0x000000008c800000, 0x000000008c900000, 0x000000008c900000|100%| E|  |TAMS 0x000000008c800000, 0x000000008c800000| Complete 
| 187|0x000000008c900000, 0x000000008ca00000, 0x000000008ca00000|100%| E|CS|TAMS 0x000000008c900000, 0x000000008c900000| Complete 
| 188|0x000000008ca00000, 0x000000008cb00000, 0x000000008cb00000|100%| E|CS|TAMS 0x000000008ca00000, 0x000000008ca00000| Complete 
| 189|0x000000008cb00000, 0x000000008cc00000, 0x000000008cc00000|100%| E|CS|TAMS 0x000000008cb00000, 0x000000008cb00000| Complete 
| 190|0x000000008cc00000, 0x000000008cd00000, 0x000000008cd00000|100%| E|CS|TAMS 0x000000008cc00000, 0x000000008cc00000| Complete 
| 191|0x000000008cd00000, 0x000000008ce00000, 0x000000008ce00000|100%| E|CS|TAMS 0x000000008cd00000, 0x000000008cd00000| Complete 
| 192|0x000000008ce00000, 0x000000008cf00000, 0x000000008cf00000|100%| E|CS|TAMS 0x000000008ce00000, 0x000000008ce00000| Complete 
| 193|0x000000008cf00000, 0x000000008d000000, 0x000000008d000000|100%| E|CS|TAMS 0x000000008cf00000, 0x000000008cf00000| Complete 
| 194|0x000000008d000000, 0x000000008d100000, 0x000000008d100000|100%| E|CS|TAMS 0x000000008d000000, 0x000000008d000000| Complete 
| 195|0x000000008d100000, 0x000000008d200000, 0x000000008d200000|100%| E|CS|TAMS 0x000000008d100000, 0x000000008d100000| Complete 
| 196|0x000000008d200000, 0x000000008d300000, 0x000000008d300000|100%| E|CS|TAMS 0x000000008d200000, 0x000000008d200000| Complete 
| 197|0x000000008d300000, 0x000000008d400000, 0x000000008d400000|100%| E|CS|TAMS 0x000000008d300000, 0x000000008d300000| Complete 
| 198|0x000000008d400000, 0x000000008d500000, 0x000000008d500000|100%| E|CS|TAMS 0x000000008d400000, 0x000000008d400000| Complete 
| 199|0x000000008d500000, 0x000000008d600000, 0x000000008d600000|100%| E|CS|TAMS 0x000000008d500000, 0x000000008d500000| Complete 
| 200|0x000000008d600000, 0x000000008d700000, 0x000000008d700000|100%| E|CS|TAMS 0x000000008d600000, 0x000000008d600000| Complete 
| 201|0x000000008d700000, 0x000000008d800000, 0x000000008d800000|100%| E|CS|TAMS 0x000000008d700000, 0x000000008d700000| Complete 

Card table byte_map: [0x000002711af50000,0x000002711b350000] _byte_map_base: 0x000002711ab49000

Marking Bits (Prev, Next): (CMBitMap*) 0x000002710440f6a0, (CMBitMap*) 0x000002710440f6e0
 Prev Bits: [0x000002711b750000, 0x000002711d718000)
 Next Bits: [0x000002711d720000, 0x000002711f6e8000)

Polling page: 0x0000027102550000

Metaspace:

Usage:
  Non-class:     74.25 MB used.
      Class:      8.60 MB used.
       Both:     82.85 MB used.

Virtual space:
  Non-class space:       80.00 MB reserved,      74.44 MB ( 93%) committed,  10 nodes.
      Class space:        1.00 GB reserved,       8.75 MB ( <1%) committed,  1 nodes.
              Both:        1.08 GB reserved,      83.19 MB (  8%) committed. 

Chunk freelists:
   Non-Class:  1.47 MB
       Class:  3.09 MB
        Both:  4.56 MB

MaxMetaspaceSize: 17179869184.00 GB
CompressedClassSpaceSize: 1.00 GB
 - commit_granule_bytes: 65536.
 - commit_granule_words: 8192.
 - virtual_space_node_default_size: 1048576.
 - enlarge_chunks_in_place: 1.
 - new_chunks_are_fully_committed: 0.
 - uncommit_free_chunks: 1.
 - use_allocation_guard: 0.
 - handle_deallocations: 1.


Internal statistics:

num_allocs_failed_limit: 6.
num_arena_births: 380.
num_arena_deaths: 0.
num_vsnodes_births: 11.
num_vsnodes_deaths: 0.
num_space_committed: 1329.
num_space_uncommitted: 0.
num_chunks_returned_to_freelist: 6.
num_chunks_taken_from_freelist: 3451.
num_chunk_merges: 6.
num_chunk_splits: 2764.
num_chunks_enlarged: 2430.
num_purges: 0.

CodeHeap 'non-profiled nmethods': size=120000Kb used=13778Kb max_used=13778Kb free=106221Kb
 bounds [0x0000027113620000, 0x00000271143a0000, 0x000002711ab50000]
CodeHeap 'profiled nmethods': size=120000Kb used=51024Kb max_used=51024Kb free=68975Kb
 bounds [0x000002710c0f0000, 0x000002710f2d0000, 0x0000027113620000]
CodeHeap 'non-nmethods': size=5760Kb used=1412Kb max_used=1545Kb free=4347Kb
 bounds [0x000002710bb50000, 0x000002710bdc0000, 0x000002710c0f0000]
 total_blobs=17345 nmethods=16607 adapters=646
 compilation: enabled
              stopped_count=0, restarted_count=0
 full_count=0

Compilation events (20 events):
Event: 175.164 Thread 0x0000027121b7ac00 nmethod 21040 0x000002710f29ed10 code [0x000002710f29eec0, 0x000002710f29f0b8]
Event: 175.164 Thread 0x0000027121b7ac00 21041       1       org.jetbrains.kotlin.backend.jvm.codegen.ExpressionCodegen::getTypeMapper (5 bytes)
Event: 175.165 Thread 0x0000027121b7ac00 nmethod 21041 0x000002711438c910 code [0x000002711438caa0, 0x000002711438cb78]
Event: 175.166 Thread 0x0000027121b7ac00 21042       1       org.jetbrains.kotlin.ir.declarations.impl.IrPropertyCommonImpl::getContainerSource (5 bytes)
Event: 175.166 Thread 0x0000027121b7ac00 nmethod 21042 0x000002711438cc10 code [0x000002711438cda0, 0x000002711438ce78]
Event: 175.168 Thread 0x0000027121b7ac00 21043       3       org.jetbrains.kotlin.codegen.inline.MethodInliner$prepareNode$transformationVisitor$1::visitMethodInsn (210 bytes)
Event: 175.172 Thread 0x0000027121b7ac00 nmethod 21043 0x000002710f29f190 code [0x000002710f29f880, 0x000002710f2a3098]
Event: 175.172 Thread 0x0000027121b7ac00 21044       3       org.jetbrains.kotlin.codegen.inline.MethodInliner::transformCaptured (504 bytes)
Event: 175.179 Thread 0x0000027121b7ac00 nmethod 21044 0x000002710f2a4510 code [0x000002710f2a4da0, 0x000002710f2aa698]
Event: 175.179 Thread 0x0000027121b7ac00 21045       3       org.jetbrains.kotlin.codegen.inline.FunctionalArgumentInterpreter::unaryOperation (13 bytes)
Event: 175.180 Thread 0x0000027121b7ac00 nmethod 21045 0x000002710f2ac490 code [0x000002710f2ac640, 0x000002710f2ac888]
Event: 175.180 Thread 0x0000027121b7ac00 21047       3       org.jetbrains.kotlin.backend.jvm.codegen.ClassCodegen::getTypeMapper (8 bytes)
Event: 175.180 Thread 0x0000027121b7ac00 nmethod 21047 0x000002710f2ac990 code [0x000002710f2acb20, 0x000002710f2acc58]
Event: 175.183 Thread 0x0000027121b7ac00 21049       3       org.jetbrains.kotlin.load.java.JvmAbi::getterName (48 bytes)
Event: 175.184 Thread 0x0000027121b7ac00 nmethod 21049 0x000002710f2acd10 code [0x000002710f2acfc0, 0x000002710f2adaa8]
Event: 175.205 Thread 0x0000027121b79100 nmethod 21037 0x000002711438cf10 code [0x000002711438d280, 0x000002711438eb88]
Event: 175.205 Thread 0x0000027121b79100 21039       4       org.jetbrains.kotlin.backend.jvm.mapping.MethodSignatureMapper::shouldBoxSingleValueParameterForSpecialCaseOfRemove (214 bytes)
Event: 175.222 Thread 0x0000027121b79100 nmethod 21039 0x0000027114390610 code [0x0000027114390860, 0x00000271143910f0]
Event: 175.222 Thread 0x0000027121b79100 21048       4       org.jetbrains.kotlin.codegen.optimization.boxing.PopBackwardPropagationTransformer$Transformer::markAsDontTouch (67 bytes)
Event: 175.286 Thread 0x0000027121b79100 nmethod 21048 0x0000027114391890 code [0x0000027114391ac0, 0x00000271143930a8]

GC Heap History (20 events):
Event: 141.049 GC heap before
{Heap before GC invocations=61 (full 0):
 garbage-first heap   total 179200K, used 137216K [0x0000000080e00000, 0x0000000100000000)
  region size 1024K, 40 young (40960K), 6 survivors (6144K)
 Metaspace       used 69078K, committed 69376K, reserved 1114112K
  class space    used 7468K, committed 7616K, reserved 1048576K
}
Event: 141.063 GC heap after
{Heap after GC invocations=62 (full 0):
 garbage-first heap   total 179200K, used 108086K [0x0000000080e00000, 0x0000000100000000)
  region size 1024K, 5 young (5120K), 5 survivors (5120K)
 Metaspace       used 69078K, committed 69376K, reserved 1114112K
  class space    used 7468K, committed 7616K, reserved 1048576K
}
Event: 142.818 GC heap before
{Heap before GC invocations=62 (full 0):
 garbage-first heap   total 179200K, used 146998K [0x0000000080e00000, 0x0000000100000000)
  region size 1024K, 43 young (44032K), 5 survivors (5120K)
 Metaspace       used 69526K, committed 69888K, reserved 1114112K
  class space    used 7518K, committed 7680K, reserved 1048576K
}
Event: 142.837 GC heap after
{Heap after GC invocations=63 (full 0):
 garbage-first heap   total 179200K, used 114642K [0x0000000080e00000, 0x0000000100000000)
  region size 1024K, 6 young (6144K), 6 survivors (6144K)
 Metaspace       used 69526K, committed 69888K, reserved 1114112K
  class space    used 7518K, committed 7680K, reserved 1048576K
}
Event: 146.692 GC heap before
{Heap before GC invocations=64 (full 0):
 garbage-first heap   total 201728K, used 148434K [0x0000000080e00000, 0x0000000100000000)
  region size 1024K, 39 young (39936K), 6 survivors (6144K)
 Metaspace       used 74977K, committed 75264K, reserved 1122304K
  class space    used 8134K, committed 8256K, reserved 1048576K
}
Event: 146.708 GC heap after
{Heap after GC invocations=65 (full 0):
 garbage-first heap   total 201728K, used 117597K [0x0000000080e00000, 0x0000000100000000)
  region size 1024K, 3 young (3072K), 3 survivors (3072K)
 Metaspace       used 74977K, committed 75264K, reserved 1122304K
  class space    used 8134K, committed 8256K, reserved 1048576K
}
Event: 150.728 GC heap before
{Heap before GC invocations=65 (full 0):
 garbage-first heap   total 201728K, used 164701K [0x0000000080e00000, 0x0000000100000000)
  region size 1024K, 49 young (50176K), 3 survivors (3072K)
 Metaspace       used 77186K, committed 77504K, reserved 1122304K
  class space    used 8326K, committed 8448K, reserved 1048576K
}
Event: 150.738 GC heap after
{Heap after GC invocations=66 (full 0):
 garbage-first heap   total 201728K, used 120558K [0x0000000080e00000, 0x0000000100000000)
  region size 1024K, 6 young (6144K), 6 survivors (6144K)
 Metaspace       used 77186K, committed 77504K, reserved 1122304K
  class space    used 8326K, committed 8448K, reserved 1048576K
}
Event: 154.902 GC heap before
{Heap before GC invocations=67 (full 0):
 garbage-first heap   total 201728K, used 164590K [0x0000000080e00000, 0x0000000100000000)
  region size 1024K, 51 young (52224K), 6 survivors (6144K)
 Metaspace       used 78332K, committed 78592K, reserved 1122304K
  class space    used 8390K, committed 8512K, reserved 1048576K
}
Event: 154.914 GC heap after
{Heap after GC invocations=68 (full 0):
 garbage-first heap   total 201728K, used 120399K [0x0000000080e00000, 0x0000000100000000)
  region size 1024K, 6 young (6144K), 6 survivors (6144K)
 Metaspace       used 78332K, committed 78592K, reserved 1122304K
  class space    used 8390K, committed 8512K, reserved 1048576K
}
Event: 155.065 GC heap before
{Heap before GC invocations=68 (full 0):
 garbage-first heap   total 201728K, used 123471K [0x0000000080e00000, 0x0000000100000000)
  region size 1024K, 9 young (9216K), 6 survivors (6144K)
 Metaspace       used 78341K, committed 78656K, reserved 1122304K
  class space    used 8390K, committed 8512K, reserved 1048576K
}
Event: 155.094 GC heap after
{Heap after GC invocations=69 (full 0):
 garbage-first heap   total 201728K, used 111361K [0x0000000080e00000, 0x0000000100000000)
  region size 1024K, 1 young (1024K), 1 survivors (1024K)
 Metaspace       used 78341K, committed 78656K, reserved 1122304K
  class space    used 8390K, committed 8512K, reserved 1048576K
}
Event: 157.900 GC heap before
{Heap before GC invocations=69 (full 0):
 garbage-first heap   total 201728K, used 165633K [0x0000000080e00000, 0x0000000100000000)
  region size 1024K, 54 young (55296K), 1 survivors (1024K)
 Metaspace       used 78801K, committed 79104K, reserved 1122304K
  class space    used 8414K, committed 8576K, reserved 1048576K
}
Event: 157.904 GC heap after
{Heap after GC invocations=70 (full 0):
 garbage-first heap   total 201728K, used 111851K [0x0000000080e00000, 0x0000000100000000)
  region size 1024K, 2 young (2048K), 2 survivors (2048K)
 Metaspace       used 78801K, committed 79104K, reserved 1122304K
  class space    used 8414K, committed 8576K, reserved 1048576K
}
Event: 160.066 GC heap before
{Heap before GC invocations=71 (full 0):
 garbage-first heap   total 206848K, used 167147K [0x0000000080e00000, 0x0000000100000000)
  region size 1024K, 56 young (57344K), 2 survivors (2048K)
 Metaspace       used 79177K, committed 79488K, reserved 1122304K
  class space    used 8429K, committed 8576K, reserved 1048576K
}
Event: 160.072 GC heap after
{Heap after GC invocations=72 (full 0):
 garbage-first heap   total 206848K, used 113278K [0x0000000080e00000, 0x0000000100000000)
  region size 1024K, 3 young (3072K), 3 survivors (3072K)
 Metaspace       used 79177K, committed 79488K, reserved 1122304K
  class space    used 8429K, committed 8576K, reserved 1048576K
}
Event: 163.592 GC heap before
{Heap before GC invocations=72 (full 0):
 garbage-first heap   total 206848K, used 173694K [0x0000000080e00000, 0x0000000100000000)
  region size 1024K, 62 young (63488K), 3 survivors (3072K)
 Metaspace       used 81963K, committed 82304K, reserved 1122304K
  class space    used 8652K, committed 8832K, reserved 1048576K
}
Event: 163.601 GC heap after
{Heap after GC invocations=73 (full 0):
 garbage-first heap   total 206848K, used 114715K [0x0000000080e00000, 0x0000000100000000)
  region size 1024K, 5 young (5120K), 5 survivors (5120K)
 Metaspace       used 81963K, committed 82304K, reserved 1122304K
  class space    used 8652K, committed 8832K, reserved 1048576K
}
Event: 173.467 GC heap before
{Heap before GC invocations=74 (full 0):
 garbage-first heap   total 206848K, used 174107K [0x0000000080e00000, 0x0000000100000000)
  region size 1024K, 63 young (64512K), 5 survivors (5120K)
 Metaspace       used 84673K, committed 84992K, reserved 1130496K
  class space    used 8804K, committed 8960K, reserved 1048576K
}
Event: 173.482 GC heap after
{Heap after GC invocations=75 (full 0):
 garbage-first heap   total 206848K, used 118396K [0x0000000080e00000, 0x0000000100000000)
  region size 1024K, 8 young (8192K), 8 survivors (8192K)
 Metaspace       used 84673K, committed 84992K, reserved 1130496K
  class space    used 8804K, committed 8960K, reserved 1048576K
}

Deoptimization events (20 events):
Event: 173.500 Thread 0x00000271043cfad0 Uncommon trap: trap_request=0xffffff66 fr.pc=0x000002711431e12c relative=0x00000000000074cc
Event: 173.500 Thread 0x00000271043cfad0 Uncommon trap: reason=speculate_class_check action=maybe_recompile pc=0x000002711431e12c method=org.jetbrains.kotlin.renderer.DescriptorRendererImpl.renderDefaultType(Ljava/lang/StringBuilder;Lorg/jetbrains/kotlin/types/KotlinType;)V @ 13 c2
Event: 173.500 Thread 0x00000271043cfad0 DEOPT PACKING pc=0x000002711431e12c sp=0x000000a8b73fd050
Event: 173.500 Thread 0x00000271043cfad0 DEOPT UNPACKING pc=0x000002710bb9d72e sp=0x000000a8b73fcca8 mode 2
Event: 173.981 Thread 0x00000271043cfad0 Uncommon trap: trap_request=0xffffff45 fr.pc=0x0000027113b8880c relative=0x0000000000000ecc
Event: 173.981 Thread 0x00000271043cfad0 Uncommon trap: reason=unstable_if action=reinterpret pc=0x0000027113b8880c method=org.jetbrains.kotlin.builtins.functions.FunctionClassKind$Companion.parseClassName(Ljava/lang/String;Lorg/jetbrains/kotlin/name/FqName;)Lorg/jetbrains/kotlin/builtins/functi
Event: 173.981 Thread 0x00000271043cfad0 DEOPT PACKING pc=0x0000027113b8880c sp=0x000000a8b73fd280
Event: 173.981 Thread 0x00000271043cfad0 DEOPT UNPACKING pc=0x000002710bb9d72e sp=0x000000a8b73fd168 mode 2
Event: 174.309 Thread 0x00000271043cfad0 Uncommon trap: trap_request=0xffffffc6 fr.pc=0x00000271142c7018 relative=0x0000000000000c38
Event: 174.309 Thread 0x00000271043cfad0 Uncommon trap: reason=bimorphic_or_optimized_type_check action=maybe_recompile pc=0x00000271142c7018 method=org.jetbrains.org.objectweb.asm.tree.analysis.Frame.execute(Lorg/jetbrains/org/objectweb/asm/tree/AbstractInsnNode;Lorg/jetbrains/org/objectweb/asm
Event: 174.309 Thread 0x00000271043cfad0 DEOPT PACKING pc=0x00000271142c7018 sp=0x000000a8b73fd6d0
Event: 174.309 Thread 0x00000271043cfad0 DEOPT UNPACKING pc=0x000002710bb9d72e sp=0x000000a8b73fd698 mode 2
Event: 174.309 Thread 0x00000271043cfad0 Uncommon trap: trap_request=0xffffffc6 fr.pc=0x00000271142c7018 relative=0x0000000000000c38
Event: 174.309 Thread 0x00000271043cfad0 Uncommon trap: reason=bimorphic_or_optimized_type_check action=maybe_recompile pc=0x00000271142c7018 method=org.jetbrains.org.objectweb.asm.tree.analysis.Frame.execute(Lorg/jetbrains/org/objectweb/asm/tree/AbstractInsnNode;Lorg/jetbrains/org/objectweb/asm
Event: 174.309 Thread 0x00000271043cfad0 DEOPT PACKING pc=0x00000271142c7018 sp=0x000000a8b73fd6d0
Event: 174.309 Thread 0x00000271043cfad0 DEOPT UNPACKING pc=0x000002710bb9d72e sp=0x000000a8b73fd698 mode 2
Event: 175.180 Thread 0x00000271043cfad0 Uncommon trap: trap_request=0xffffff66 fr.pc=0x0000027114389844 relative=0x0000000000002804
Event: 175.180 Thread 0x00000271043cfad0 Uncommon trap: reason=speculate_class_check action=maybe_recompile pc=0x0000027114389844 method=org.jetbrains.kotlin.ir.util.IrFakeOverrideUtilsKt.isFakeOverride(Lorg/jetbrains/kotlin/ir/declarations/IrDeclaration;)Z @ 9 c2
Event: 175.180 Thread 0x00000271043cfad0 DEOPT PACKING pc=0x0000027114389844 sp=0x000000a8b73fde00
Event: 175.180 Thread 0x00000271043cfad0 DEOPT UNPACKING pc=0x000002710bb9d72e sp=0x000000a8b73fdd68 mode 2

Classes unloaded (0 events):
No events

Classes redefined (0 events):
No events

Internal exceptions (20 events):
Event: 72.088 Thread 0x00000271043cfad0 Exception <a 'java/lang/NoSuchMethodError'{0x00000000879f71b8}: 'java.lang.Object java.lang.invoke.DirectMethodHandle$Holder.invokeInterface(java.lang.Object, java.lang.Object, java.lang.Object)'> (0x00000000879f71b8) 
thrown [t:\workspace\open\src\hotspot\share\interpreter\linkResolver.cpp, line 790]
Event: 72.100 Thread 0x00000271043cfad0 Exception <a 'java/lang/IncompatibleClassChangeError'{0x00000000879facf8}: Found class java.lang.Object, but interface was expected> (0x00000000879facf8) 
thrown [t:\workspace\open\src\hotspot\share\interpreter\linkResolver.cpp, line 857]
Event: 73.543 Thread 0x00000271043cfad0 Implicit null exception at 0x0000027113c2fa71 to 0x0000027113c316e0
Event: 79.358 Thread 0x00000271043cfad0 Implicit null exception at 0x000002711363bfd5 to 0x000002711363c58c
Event: 79.562 Thread 0x00000271043cfad0 Implicit null exception at 0x000002711363cbd2 to 0x000002711363d15c
Event: 84.215 Thread 0x00000271043cfad0 Implicit null exception at 0x0000027113b02460 to 0x0000027113b0c288
Event: 90.611 Thread 0x00000271043cfad0 Implicit null exception at 0x0000027113970a00 to 0x00000271139718a0
Event: 91.270 Thread 0x00000271043cfad0 Implicit null exception at 0x0000027113681860 to 0x00000271136818fa
Event: 92.311 Thread 0x00000271043cfad0 Implicit null exception at 0x00000271139491e0 to 0x0000027113949510
Event: 92.312 Thread 0x00000271043cfad0 Implicit null exception at 0x000002711398f860 to 0x000002711398fb30
Event: 94.207 Thread 0x00000271043cfad0 Exception <a 'java/lang/NoSuchMethodError'{0x0000000086e9de20}: 'void java.lang.invoke.DirectMethodHandle$Holder.invokeStatic(java.lang.Object, java.lang.Object, java.lang.Object)'> (0x0000000086e9de20) 
thrown [t:\workspace\open\src\hotspot\share\interpreter\linkResolver.cpp, line 790]
Event: 123.597 Thread 0x00000271043cfad0 Implicit null exception at 0x00000271136b0bf1 to 0x00000271136b0df8
Event: 129.212 Thread 0x00000271043cfad0 Exception <a 'java/lang/NoSuchMethodError'{0x0000000089558748}: 'java.lang.Object java.lang.invoke.DirectMethodHandle$Holder.invokeStaticInit(java.lang.Object, java.lang.Object, java.lang.Object, java.lang.Object)'> (0x0000000089558748) 
thrown [t:\workspace\open\src\hotspot\share\interpreter\linkResolver.cpp, line 790]
Event: 130.134 Thread 0x00000271043cfad0 Exception <a 'java/lang/NoSuchMethodError'{0x00000000889b26a8}: 'int java.lang.invoke.DirectMethodHandle$Holder.invokeStaticInit(java.lang.Object, java.lang.Object, java.lang.Object, java.lang.Object)'> (0x00000000889b26a8) 
thrown [t:\workspace\open\src\hotspot\share\interpreter\linkResolver.cpp, line 790]
Event: 132.392 Thread 0x00000271043cfad0 Implicit null exception at 0x0000027113687096 to 0x00000271136872ec
Event: 148.670 Thread 0x00000271043cfad0 Implicit null exception at 0x0000027113ed84d5 to 0x0000027113ed873a
Event: 161.269 Thread 0x00000271043cfad0 Implicit null exception at 0x000002711422c1a0 to 0x0000027114235178
Event: 164.571 Thread 0x00000271043cfad0 Implicit null exception at 0x00000271136f2ba0 to 0x00000271136f2c98
Event: 165.827 Thread 0x00000271043cfad0 Implicit null exception at 0x0000027114290daa to 0x00000271142969f4
Event: 169.039 Thread 0x00000271043cfad0 Implicit null exception at 0x00000271142b5341 to 0x00000271142b78dc

Events (20 events):
Event: 172.102 Executing  VM operation: ICBufferFull done
Event: 172.263 Thread 0x0000027124990e00 Thread exited: 0x0000027124990e00
Event: 172.492 Thread 0x000002712498eca0 Thread added: 0x000002712498eca0
Event: 173.114 Executing  VM operation: Cleanup
Event: 173.192 Executing  VM operation: Cleanup done
Event: 173.467 Executing  VM operation: G1CollectForAllocation
Event: 173.482 Executing  VM operation: G1CollectForAllocation done
Event: 174.309 Executing  VM operation: HandshakeAllThreads
Event: 174.310 Executing  VM operation: HandshakeAllThreads done
Event: 174.314 Thread 0x0000027121beb0b0 flushing nmethod 0x0000027113c97a10
Event: 174.316 Thread 0x0000027121beb0b0 flushing nmethod 0x0000027113e4a810
Event: 174.318 Thread 0x0000027121beb0b0 flushing nmethod 0x0000027114177610
Event: 174.319 Thread 0x0000027121beb0b0 flushing nmethod 0x00000271142d5810
Event: 174.328 Thread 0x0000027121beb0b0 flushing nmethod 0x000002710c8b7310
Event: 174.337 Thread 0x0000027121beb0b0 flushing nmethod 0x000002710d279b90
Event: 174.362 Thread 0x0000027121beb0b0 flushing nmethod 0x000002710e70b510
Event: 174.363 Thread 0x0000027121beb0b0 flushing nmethod 0x000002710e7ec910
Event: 174.364 Thread 0x0000027121beb0b0 flushing nmethod 0x000002710e895210
Event: 174.369 Thread 0x0000027121beb0b0 flushing nmethod 0x000002710eef1590
Event: 175.316 Executing  VM operation: Cleanup


Dynamic libraries:
0x00007ff703f60000 - 0x00007ff703f70000 	C:\Program Files\Java\jdk-16.0.2\bin\java.exe
0x00007ff8a4cf0000 - 0x00007ff8a4ee8000 	C:\Windows\SYSTEM32\ntdll.dll
0x00007ff8a3120000 - 0x00007ff8a31df000 	C:\Windows\System32\KERNEL32.DLL
0x00007ff8a25b0000 - 0x00007ff8a28a6000 	C:\Windows\System32\KERNELBASE.dll
0x00007ff8a29c0000 - 0x00007ff8a2ac0000 	C:\Windows\System32\ucrtbase.dll
0x00007ff899d00000 - 0x00007ff899d19000 	C:\Program Files\Java\jdk-16.0.2\bin\VCRUNTIME140.dll
0x00007ff897790000 - 0x00007ff8977a8000 	C:\Program Files\Java\jdk-16.0.2\bin\jli.dll
0x00007ff8a35f0000 - 0x00007ff8a369f000 	C:\Windows\System32\ADVAPI32.dll
0x00007ff8a2f50000 - 0x00007ff8a2fee000 	C:\Windows\System32\msvcrt.dll
0x00007ff8a4150000 - 0x00007ff8a41ec000 	C:\Windows\System32\sechost.dll
0x00007ff8a2ff0000 - 0x00007ff8a3116000 	C:\Windows\System32\RPCRT4.dll
0x00007ff8a33a0000 - 0x00007ff8a353d000 	C:\Windows\System32\USER32.dll
0x00007ff8a23d0000 - 0x00007ff8a23f2000 	C:\Windows\System32\win32u.dll
0x00007ff8a32b0000 - 0x00007ff8a32dc000 	C:\Windows\System32\GDI32.dll
0x00007ff8a2ba0000 - 0x00007ff8a2cb5000 	C:\Windows\System32\gdi32full.dll
0x00007ff8a2920000 - 0x00007ff8a29bd000 	C:\Windows\System32\msvcp_win.dll
0x00007ff896f10000 - 0x00007ff8971aa000 	C:\Windows\WinSxS\amd64_microsoft.windows.common-controls_6595b64144ccf1df_6.0.19041.1110_none_60b5254171f9507e\COMCTL32.dll
0x00007ff89c2b0000 - 0x00007ff89c2ba000 	C:\Windows\SYSTEM32\VERSION.dll
0x00007ff8a4c80000 - 0x00007ff8a4cb0000 	C:\Windows\System32\IMM32.DLL
0x00007ff899f50000 - 0x00007ff899f5c000 	C:\Program Files\Java\jdk-16.0.2\bin\vcruntime140_1.dll
0x00007ff86f0f0000 - 0x00007ff86f181000 	C:\Program Files\Java\jdk-16.0.2\bin\msvcp140.dll
0x00007ff83fbe0000 - 0x00007ff84078b000 	C:\Program Files\Java\jdk-16.0.2\bin\server\jvm.dll
0x00007ff8a41f0000 - 0x00007ff8a41f8000 	C:\Windows\System32\PSAPI.DLL
0x00007ff89d710000 - 0x00007ff89d719000 	C:\Windows\SYSTEM32\WSOCK32.dll
0x00007ff897d40000 - 0x00007ff897d67000 	C:\Windows\SYSTEM32\WINMM.dll
0x00007ff8a3730000 - 0x00007ff8a379b000 	C:\Windows\System32\WS2_32.dll
0x00007ff8a02a0000 - 0x00007ff8a02b2000 	C:\Windows\SYSTEM32\kernel.appcore.dll
0x00007ff899ea0000 - 0x00007ff899eaa000 	C:\Program Files\Java\jdk-16.0.2\bin\jimage.dll
0x00007ff890ee0000 - 0x00007ff8910c4000 	C:\Windows\SYSTEM32\DBGHELP.DLL
0x00007ff891230000 - 0x00007ff891264000 	C:\Windows\SYSTEM32\dbgcore.DLL
0x00007ff8a2cc0000 - 0x00007ff8a2d42000 	C:\Windows\System32\bcryptPrimitives.dll
0x00007ff887fc0000 - 0x00007ff887fe5000 	C:\Program Files\Java\jdk-16.0.2\bin\java.dll
0x00007ff8a4520000 - 0x00007ff8a4c64000 	C:\Windows\System32\SHELL32.dll
0x00007ff8a04a0000 - 0x00007ff8a0c34000 	C:\Windows\SYSTEM32\windows.storage.dll
0x00007ff8a3850000 - 0x00007ff8a3ba4000 	C:\Windows\System32\combase.dll
0x00007ff8a1e10000 - 0x00007ff8a1e3e000 	C:\Windows\SYSTEM32\Wldp.dll
0x00007ff8a3540000 - 0x00007ff8a35ed000 	C:\Windows\System32\SHCORE.dll
0x00007ff8a4200000 - 0x00007ff8a4255000 	C:\Windows\System32\shlwapi.dll
0x00007ff8a2300000 - 0x00007ff8a2325000 	C:\Windows\SYSTEM32\profapi.dll
0x00007ff896e20000 - 0x00007ff896e39000 	C:\Program Files\Java\jdk-16.0.2\bin\net.dll
0x00007ff89c710000 - 0x00007ff89c81a000 	C:\Windows\SYSTEM32\WINHTTP.dll
0x00007ff8a1b70000 - 0x00007ff8a1bda000 	C:\Windows\system32\mswsock.dll
0x00007ff896420000 - 0x00007ff896433000 	C:\Program Files\Java\jdk-16.0.2\bin\nio.dll
0x00007ff8954b0000 - 0x00007ff8954c8000 	C:\Program Files\Java\jdk-16.0.2\bin\zip.dll
0x00007ff8971c0000 - 0x00007ff8971d0000 	C:\Program Files\Java\jdk-16.0.2\bin\verify.dll

dbghelp: loaded successfully - version: 4.0.5 - missing functions: none
symbol engine: initialized successfully - sym options: 0x614 - pdb path: .;C:\Program Files\Java\jdk-16.0.2\bin;C:\Windows\SYSTEM32;C:\Windows\WinSxS\amd64_microsoft.windows.common-controls_6595b64144ccf1df_6.0.19041.1110_none_60b5254171f9507e;C:\Program Files\Java\jdk-16.0.2\bin\server

VM Arguments:
java_command: org.jetbrains.kotlin.cli.jvm.K2JVMCompiler @E:\Project_A2B\A2B\node_modules\react-native-screens\android\build\20231011_196838861105522971.compiler.options
java_class_path (initial): C:\Users\EXPLUS01\.gradle\caches\modules-2\files-2.1\org.jetbrains.kotlin\kotlin-compiler-embeddable\1.6.21\97bdd5a752ce73b58ef16c17bc7f0ea2faff7a2e\kotlin-compiler-embeddable-1.6.21.jar;C:\Users\EXPLUS01\.gradle\caches\modules-2\files-2.1\org.jetbrains.kotlin\kotlin-reflect\1.6.21\5dc3574d9b7bebfcb4ec6b10ada4aaa9e140bd0b\kotlin-reflect-1.6.21.jar;C:\Users\EXPLUS01\.gradle\caches\modules-2\files-2.1\org.jetbrains.kotlin\kotlin-stdlib\1.6.21\11ef67f1900634fd951bad28c53ec957fabbe5b8\kotlin-stdlib-1.6.21.jar;C:\Users\EXPLUS01\.gradle\caches\modules-2\files-2.1\org.jetbrains.kotlin\kotlin-script-runtime\1.6.21\99c6675100da5d6d5b1c5a1032f27f28008d101b\kotlin-script-runtime-1.6.21.jar;C:\Users\EXPLUS01\.gradle\caches\modules-2\files-2.1\org.jetbrains.kotlin\kotlin-daemon-embeddable\1.6.21\46b78cf392e1c4f10854c3cadba44abb7b82250f\kotlin-daemon-embeddable-1.6.21.jar;C:\Users\EXPLUS01\.gradle\caches\modules-2\files-2.1\org.jetbrains.intellij.deps\trove4j\1.0.20200330\3afb14d5f9ceb459d724e907a21145e8ff394f02\trove4j-1.0.20200330.jar;C:\Users\EXPLUS01\.gradle\caches\modules-2\files-2.1\net.java.dev.jna\jna\5.6.0\330f2244e9030119ab3030fc3fededc86713d9cc\jna-5.6.0.jar;C:\Users\EXPLUS01\.gradle\caches\modules-2\files-2.1\org.jetbrains.kotlin\kotlin-stdlib-common\1.6.21\5e5b55c26dbc80372a920aef60eb774b714559b8\kotlin-stdlib-common-1.6.21.jar;C:\Users\EXPLUS01\.gradle\caches\modules-2\files-2.1\org.jetbrains\annotations\13.0\919f0dfe192fb4e063e7dacadee7f8bb9a2672a9\annotations-13.0.jar
Launcher Type: SUN_STANDARD

[Global flags]
     intx CICompilerCount                          = 3                                         {product} {ergonomic}
     uint ConcGCThreads                            = 1                                         {product} {ergonomic}
     uint G1ConcRefinementThreads                  = 4                                         {product} {ergonomic}
   size_t G1HeapRegionSize                         = 1048576                                   {product} {ergonomic}
    uintx GCDrainStackTargetSize                   = 64                                        {product} {ergonomic}
   size_t InitialHeapSize                          = 134217728                                 {product} {ergonomic}
   size_t MarkStackSize                            = 4194304                                   {product} {ergonomic}
   size_t MaxHeapSize                              = 2132803584                                {product} {ergonomic}
   size_t MaxNewSize                               = 1279262720                                {product} {ergonomic}
   size_t MinHeapDeltaBytes                        = 1048576                                   {product} {ergonomic}
   size_t MinHeapSize                              = 8388608                                   {product} {ergonomic}
    uintx NonNMethodCodeHeapSize                   = 5832780                                {pd product} {ergonomic}
    uintx NonProfiledCodeHeapSize                  = 122912730                              {pd product} {ergonomic}
    uintx ProfiledCodeHeapSize                     = 122912730                              {pd product} {ergonomic}
    uintx ReservedCodeCacheSize                    = 251658240                              {pd product} {ergonomic}
     bool SegmentedCodeCache                       = true                                      {product} {ergonomic}
   size_t SoftMaxHeapSize                          = 2132803584                             {manageable} {ergonomic}
     bool UseCompressedClassPointers               = true                           {product lp64_product} {ergonomic}
     bool UseCompressedOops                        = true                           {product lp64_product} {ergonomic}
     bool UseG1GC                                  = true                                      {product} {ergonomic}
     bool UseLargePagesIndividualAllocation        = false                                  {pd product} {ergonomic}

Logging:
Log output configuration:
 #0: stdout all=warning uptime,level,tags
 #1: stderr all=off uptime,level,tags

Environment Variables:
CLASSPATH=E:\Project_A2B\A2B\android\\gradle\wrapper\gradle-wrapper.jar
PATH=E:\Project_A2B\A2B\node_modules\.bin;E:\Project_A2B\A2B\node_modules\.bin;E:\Project_A2B\node_modules\.bin;E:\node_modules\.bin;C:\Program Files\nodejs\node_modules\npm\node_modules\@npmcli\run-script\lib\node-gyp-bin;E:\Project_A2B\A2B\node_modules\.bin;E:\Project_A2B\node_modules\.bin;E:\node_modules\.bin;C:\Program Files\nodejs\node_modules\npm\node_modules\@npmcli\run-script\lib\node-gyp-bin;C:\Program Files\Common Files\Oracle\Java\javapath;C:\Windows\system32;C:\Windows;C:\Windows\System32\Wbem;C:\Windows\System32\WindowsPowerShell\v1.0\;C:\Windows\System32\OpenSSH\;C:\Program Files\Cloudflare\Cloudflare WARP\;C:\xampp\php;C:\Program Files\Git\cmd;C:\Users\EXPLUS01\AppData\Local\Android\Sdk\platform-tools;C:\Program Files\Java\jdk-16.0.2\bin;C:\Program Files\nodejs\;C:\ProgramData\ComposerSetup\bin;C:\Users\EXPLUS01\Downloads\gradle-7.5.1\bin;C:\Users\EXPLUS01\AppData\Local\Microsoft\WindowsApps;C:\Users\EXPLUS01\AppData\Local\Programs\Microsoft VS Code\bin;C:\Users\EXPLUS01\AppData\Roaming\Composer\vendor\bin;C:\Program Files (x86)\BrowserStackLocal\;C:\Users\EXPLUS01\AppData\Local\Android\Sdk\platform-tools;C:\Program Files\Java\jdk-16.0.2\bin;C:\Users\EXPLUS01\AppData\Roaming\npm;C:\Users\EXPLUS01\Downloads\gradle-7.5.1\bin;
USERNAME=EXPLUS01
LANG=en_US.UTF-8
OS=Windows_NT
PROCESSOR_IDENTIFIER=Intel64 Family 6 Model 94 Stepping 3, GenuineIntel



---------------  S Y S T E M  ---------------

OS:
 Windows 10 , 64 bit Build 19041 (10.0.19041.3155)
OS uptime: 12 days 2:57 hours

CPU: total 4 (initial active 4) (2 cores per cpu, 2 threads per core) family 6 model 94 stepping 3 microcode 0xdc, cx8, cmov, fxsr, ht, mmx, 3dnowpref, sse, sse2, sse3, ssse3, sse4.1, sse4.2, popcnt, lzcnt, tsc, tscinvbit, avx, avx2, aes, erms, clmul, bmi1, bmi2, adx, fma, vzeroupper, clflush, clflushopt

Memory: 4k page, system-wide physical 8135M (454M free)
TotalPageFile size 15836M (AvailPageFile size 6M)
current process WorkingSet (physical memory assigned to process): 463M, peak: 471M
current process commit charge ("private bytes"): 511M, peak: 515M

vm_info: Java HotSpot(TM) 64-Bit Server VM (16.0.2+7-67) for windows-amd64 JRE (16.0.2+7-67), built on Jun  8 2021 23:24:19 by "mach5one" with MS VC++ 16.7 (VS2019)

END.
